[debug] [2024-04-11T17:39:28.803Z] ----------------------------------------------------------------------
[debug] [2024-04-11T17:39:28.804Z] Command:       C:\Program Files\nodejs\node.exe C:\Users\mayank sachdeva\AppData\Roaming\npm\node_modules\firebase-tools\lib\bin\firebase.js init
[debug] [2024-04-11T17:39:28.805Z] CLI Version:   13.7.1
[debug] [2024-04-11T17:39:28.805Z] Platform:      win32
[debug] [2024-04-11T17:39:28.805Z] Node Version:  v18.14.0
[debug] [2024-04-11T17:39:28.806Z] Time:          Thu Apr 11 2024 23:09:28 GMT+0530 (India Standard Time)
[debug] [2024-04-11T17:39:28.806Z] ----------------------------------------------------------------------
[debug] 
[debug] [2024-04-11T17:39:28.812Z] > command requires scopes: ["email","openid","https://www.googleapis.com/auth/cloudplatformprojects.readonly","https://www.googleapis.com/auth/firebase","https://www.googleapis.com/auth/cloud-platform"]
[debug] [2024-04-11T17:39:28.813Z] > authorizing via signed-in user (msachdeva9april@gmail.com)
[info] 
     ######## #### ########  ######## ########     ###     ######  ########
     ##        ##  ##     ## ##       ##     ##  ##   ##  ##       ##
     ######    ##  ########  ######   ########  #########  ######  ######
     ##        ##  ##    ##  ##       ##     ## ##     ##       ## ##
     ##       #### ##     ## ######## ########  ##     ##  ######  ########

You're about to initialize a Firebase project in this directory:

  C:\webD(tailwind)\razorpay

Before we get started, keep in mind:

  * You are currently outside your home directory

[info] 
=== Project Setup
[info] 
[info] First, let's associate this project directory with a Firebase project.
[info] You can create multiple project aliases by running firebase use --add, 
[info] but for now we'll just set up a default project.
[info] 
[debug] [2024-04-11T17:39:35.898Z] >>> [apiv2][query] GET https://firebase.googleapis.com/v1beta1/projects pageSize=100
[debug] [2024-04-11T17:39:37.796Z] <<< [apiv2][status] GET https://firebase.googleapis.com/v1beta1/projects 200
[debug] [2024-04-11T17:39:37.796Z] <<< [apiv2][body] GET https://firebase.googleapis.com/v1beta1/projects [omitted]
